2025-07-31T16:54:40: 
> dispatch@0.1.0 start
> next start --port 3333

2025-07-31T16:54:42: 2025-07-31T16:54:42: 2025-07-31T16:54:42: 2025-07-31T16:54:42: 
> dispatch@0.1.0 start
> next start --port 3333

2025-07-31T16:54:43: 2025-07-31T16:54:43: 2025-07-31T16:54:43: 2025-07-31T16:54:43: 
> dispatch@0.1.0 start
> next start --port 3333

2025-07-31T16:54:45: 2025-07-31T16:54:45: 2025-07-31T16:54:45: 2025-07-31T16:54:46: 
> dispatch@0.1.0 start
> next start --port 3333

2025-07-31T16:54:47: 2025-07-31T16:54:47: 2025-07-31T16:54:48: 
> dispatch@0.1.0 start
> next start --port 3333

2025-07-31T16:54:49: 2025-07-31T16:54:49: 2025-07-31T16:54:49: 2025-07-31T16:54:50: 
> dispatch@0.1.0 start
> next start --port 3333

2025-07-31T16:54:52: 2025-07-31T16:54:52: 2025-07-31T16:54:52: 2025-07-31T16:54:52: 
> dispatch@0.1.0 start
> next start --port 3333

2025-07-31T16:54:54: 2025-07-31T16:54:54: 2025-07-31T16:54:54: 2025-07-31T16:54:54: 
> dispatch@0.1.0 start
> next start --port 3333

2025-07-31T16:54:55: 2025-07-31T16:54:55: 2025-07-31T16:54:55: 2025-07-31T16:54:55: 
> dispatch@0.1.0 start
> next start --port 3333

2025-07-31T16:54:57: 2025-07-31T16:54:57: 2025-07-31T16:54:57: 
> dispatch@0.1.0 start
> next start --port 3333

2025-07-31T16:54:59: 2025-07-31T16:54:59: 2025-07-31T16:54:59: 2025-07-31T16:58:33: 
> dispatch@0.1.0 start
> next start --port 3333

2025-07-31T16:58:33: 2025-07-31T16:58:33: 2025-07-31T16:58:33: 2025-07-31T16:58:34: 
> dispatch@0.1.0 start
> next start --port 3333

2025-07-31T16:58:35: 2025-07-31T16:58:35: 2025-07-31T16:58:35: 2025-07-31T16:58:35: 
> dispatch@0.1.0 start
> next start --port 3333

2025-07-31T16:58:36: 2025-07-31T16:58:36: 2025-07-31T16:58:36: 2025-07-31T16:58:37: 
> dispatch@0.1.0 start
> next start --port 3333

2025-07-31T16:58:37: 2025-07-31T16:58:37: 2025-07-31T16:58:37: 2025-07-31T16:58:38: 
> dispatch@0.1.0 start
> next start --port 3333

2025-07-31T16:58:39: 2025-07-31T16:58:39: 2025-07-31T16:58:39: 2025-07-31T16:58:39: 
> dispatch@0.1.0 start
> next start --port 3333

2025-07-31T16:58:40: 2025-07-31T16:58:40: 2025-07-31T16:58:40: 2025-07-31T16:58:41: 
> dispatch@0.1.0 start
> next start --port 3333

2025-07-31T16:58:41: 2025-07-31T16:58:41: 2025-07-31T16:58:41: 2025-07-31T16:58:42: 
> dispatch@0.1.0 start
> next start --port 3333

2025-07-31T16:58:43: 2025-07-31T16:58:43: 2025-07-31T16:58:43: 2025-07-31T16:58:43: 
> dispatch@0.1.0 start
> next start --port 3333

2025-07-31T16:58:44: 2025-07-31T16:58:44: 2025-07-31T16:58:44: 2025-07-31T16:58:45: 
> dispatch@0.1.0 start
> next start --port 3333

2025-07-31T16:58:45: 2025-07-31T16:58:45: 2025-07-31T16:58:45: 2025-07-31T17:01:14: 
> dispatch@0.1.0 start
> next start --port 3333

2025-07-31T17:01:15: 2025-07-31T17:01:15: 2025-07-31T17:01:15: 2025-07-31T17:01:15: 
> dispatch@0.1.0 start
> next start --port 3333

2025-07-31T17:01:16: 2025-07-31T17:01:16: 2025-07-31T17:01:16: 
> dispatch@0.1.0 start
> next start --port 3333

2025-07-31T17:01:17: 2025-07-31T17:01:17: 2025-07-31T17:01:17: 2025-07-31T17:01:17: 
> dispatch@0.1.0 start
> next start --port 3333

2025-07-31T17:01:18: 2025-07-31T17:01:18: 2025-07-31T17:01:19: 
> dispatch@0.1.0 start
> next start --port 3333

2025-07-31T17:01:19: 2025-07-31T17:01:19: 2025-07-31T17:01:19: 2025-07-31T17:01:20: 
> dispatch@0.1.0 start
> next start --port 3333

2025-07-31T17:01:21: 2025-07-31T17:01:21: 2025-07-31T17:01:21: 2025-07-31T17:01:21: 
> dispatch@0.1.0 start
> next start --port 3333

2025-07-31T17:01:22: 2025-07-31T17:01:22: 2025-07-31T17:01:23: 
> dispatch@0.1.0 start
> next start --port 3333

2025-07-31T17:01:23: 2025-07-31T17:01:23: 2025-07-31T17:01:23: 2025-07-31T17:01:24: 
> dispatch@0.1.0 start
> next start --port 3333

2025-07-31T17:01:25: 2025-07-31T17:01:25: 2025-07-31T17:01:25: 2025-07-31T17:01:25: 
> dispatch@0.1.0 start
> next start --port 3333

2025-07-31T17:01:26: 2025-07-31T17:01:26: 2025-07-31T17:01:26: 2025-07-31T17:06:00: 
> dispatch@0.1.0 start
> next start --port 3333

2025-07-31T17:06:01: 2025-07-31T17:06:01: 2025-07-31T17:06:01: 2025-07-31T17:06:01: 
> dispatch@0.1.0 start
> next start --port 3333

2025-07-31T17:06:02: 2025-07-31T17:06:02: 2025-07-31T17:06:02: 2025-07-31T17:06:02: 
> dispatch@0.1.0 start
> next start --port 3333

2025-07-31T17:06:03: 2025-07-31T17:06:03: 2025-07-31T17:06:03: 2025-07-31T17:06:03: 
> dispatch@0.1.0 start
> next start --port 3333

2025-07-31T17:06:04: 2025-07-31T17:06:04: 2025-07-31T17:06:04: 2025-07-31T17:06:05: 
> dispatch@0.1.0 start
> next start --port 3333

2025-07-31T17:06:05: 2025-07-31T17:06:05: 2025-07-31T17:06:06: 
> dispatch@0.1.0 start
> next start --port 3333

2025-07-31T17:06:06: 2025-07-31T17:06:06: 2025-07-31T17:06:06: 2025-07-31T17:06:07: 
> dispatch@0.1.0 start
> next start --port 3333

2025-07-31T17:06:08: 2025-07-31T17:06:08: 2025-07-31T17:06:08: 2025-07-31T17:06:08: 
> dispatch@0.1.0 start
> next start --port 3333

2025-07-31T17:06:09: 2025-07-31T17:06:09: 2025-07-31T17:06:09: 2025-07-31T17:06:10: 
> dispatch@0.1.0 start
> next start --port 3333

2025-07-31T17:06:10: 2025-07-31T17:06:10: 2025-07-31T17:06:11: 
> dispatch@0.1.0 start
> next start --port 3333

2025-07-31T17:06:12: 2025-07-31T17:06:12: 2025-07-31T17:06:12: 2025-07-31T17:07:33: 
> dispatch@0.1.0 start
> next start --port 3333

